info	2022:06:01 01:57:23	GET Request to /api/categories/
info	2022:06:01 01:57:47	GET Request to /api/products-by-category/629696e3b9a9b32b4210d38a
info	2022:06:01 01:57:47	Route not found
info	2022:06:01 01:58:23	GET Request to /api/products-by-category/629696e3b9a9b32b4210d38a
info	2022:06:01 01:58:26	GET Request to /api/products-by-category/629696e3b9a9b32b4210d38a
info	2022:06:01 02:00:28	POST Request to /api/products/629696e3b9a9b32b4210d38a
info	2022:06:01 02:00:28	Route not found
info	2022:06:01 02:00:53	POST Request to /api/products/
info	2022:06:01 02:01:48	POST Request to /api/products/
info	2022:06:01 02:01:48	ProductModel validation failed: name: Name must start with a capital letter
info	2022:06:01 02:01:55	POST Request to /api/products/
info	2022:06:01 02:02:44	POST Request to /api/products/
info	2022:06:01 02:02:44	ProductModel validation failed: name: Name must start with a capital letter
info	2022:06:01 02:02:49	POST Request to /api/products/
info	2022:06:01 02:03:30	POST Request to /api/products/
info	2022:06:01 02:04:01	POST Request to /api/products/
info	2022:06:01 02:04:16	GET Request to /api/products-by-category/629696f4b9a9b32b4210d38c
info	2022:06:01 02:04:50	DELETE Request to /api/furniture/62969ee1c05d55310aba99b2
info	2022:06:01 02:04:50	Route not found
info	2022:06:01 02:05:35	DELETE Request to /api/products/62969ee1c05d55310aba99b2
info	2022:06:01 02:05:43	DELETE Request to /api/products/62969ee1c05d55310aba99b2
info	2022:06:01 02:05:43	Resource with _id 62969ee1c05d55310aba99b2 not found
info	2022:06:01 02:05:49	GET Request to /api/products-by-category/629696f4b9a9b32b4210d38c
info	2022:06:01 02:59:02	GET Request to /api/categories/
info	2022:06:01 02:59:07	GET Request to /api/products-by-category/629696e3b9a9b32b4210d38a
info	2022:06:01 02:59:10	GET Request to /api/products-by-category/629696f4b9a9b32b4210d38c
info	2022:06:01 02:59:12	GET Request to /api/products-by-category/62969719b9a9b32b4210d38e
info	2022:06:01 02:59:59	GET Request to /api/categories/
info	2022:06:01 03:00:01	GET Request to /api/categories/
info	2022:06:01 03:00:04	GET Request to /api/categories/
info	2022:06:01 03:00:19	GET Request to /api/categories/
info	2022:06:01 03:00:27	GET Request to /api/categories/
info	2022:06:01 03:00:29	GET Request to /api/categories/
info	2022:06:01 03:00:31	GET Request to /api/categories/
info	2022:06:01 03:00:39	GET Request to /api/categories/
info	2022:06:01 03:00:43	GET Request to /api/categories/
info	2022:06:01 03:00:45	GET Request to /api/categories/
info	2022:06:01 03:00:50	GET Request to /api/categories/
info	2022:06:01 03:00:56	GET Request to /api/categories/
info	2022:06:01 03:01:02	GET Request to /api/categories/
info	2022:06:01 03:01:39	GET Request to /api/categories/
info	2022:06:01 03:01:42	GET Request to /api/categories/
info	2022:06:01 03:01:46	GET Request to /api/categories/
info	2022:06:01 03:01:52	GET Request to /api/categories/
info	2022:06:01 03:02:03	GET Request to /api/categories/
info	2022:06:01 03:02:07	GET Request to /api/categories/
info	2022:06:01 03:02:15	GET Request to /api/categories/
info	2022:06:01 03:02:19	GET Request to /api/categories/
info	2022:06:01 03:02:26	GET Request to /api/categories/
info	2022:06:01 03:02:29	GET Request to /api/categories/
info	2022:06:01 03:03:59	GET Request to /api/categories/
info	2022:06:01 03:04:19	GET Request to /api/categories/
info	2022:06:01 03:04:54	GET Request to /api/categories/
info	2022:06:01 03:05:45	GET Request to /api/categories/
info	2022:06:01 03:05:53	GET Request to /api/categories/
info	2022:06:01 03:06:00	GET Request to /api/categories/
info	2022:06:01 03:06:18	GET Request to /api/categories/
info	2022:06:01 03:06:44	GET Request to /api/categories/
info	2022:06:01 03:06:54	GET Request to /api/categories/
info	2022:06:01 03:07:12	GET Request to /api/categories/
info	2022:06:01 03:07:16	GET Request to /api/categories/
info	2022:06:01 03:07:24	GET Request to /api/categories/
info	2022:06:01 03:07:28	GET Request to /api/categories/
info	2022:06:01 03:07:38	GET Request to /api/categories/
info	2022:06:01 03:07:44	GET Request to /api/categories/
info	2022:06:01 03:08:04	GET Request to /api/categories/
info	2022:06:01 03:08:11	GET Request to /api/categories/
info	2022:06:01 03:08:15	GET Request to /api/categories/
info	2022:06:01 03:08:23	GET Request to /api/categories/
info	2022:06:01 03:08:25	GET Request to /api/categories/
info	2022:06:01 03:08:34	GET Request to /api/categories/
info	2022:06:01 03:08:43	GET Request to /api/categories/
info	2022:06:01 03:08:47	GET Request to /api/categories/
info	2022:06:01 03:08:49	GET Request to /api/categories/
info	2022:06:01 03:08:53	GET Request to /api/categories/
info	2022:06:01 03:10:09	GET Request to /api/categories/
info	2022:06:01 03:10:11	GET Request to /api/products-by-category/629696e3b9a9b32b4210d38a
info	2022:06:01 03:10:14	GET Request to /api/products-by-category/629696f4b9a9b32b4210d38c
info	2022:06:01 03:10:17	GET Request to /api/products-by-category/62969719b9a9b32b4210d38e
info	2022:06:01 03:10:18	GET Request to /api/products-by-category/629696e3b9a9b32b4210d38a
info	2022:06:01 03:10:31	GET Request to /api/categories/
info	2022:06:01 03:10:33	GET Request to /api/products-by-category/629696e3b9a9b32b4210d38a
info	2022:06:01 03:13:14	GET Request to /api/categories/
info	2022:06:01 03:13:24	GET Request to /api/categories/
info	2022:06:01 03:13:28	GET Request to /api/categories/
info	2022:06:01 03:13:29	GET Request to /api/categories/
info	2022:06:01 03:13:33	GET Request to /api/categories/
info	2022:06:01 03:14:28	GET Request to /api/categories/
info	2022:06:01 03:14:34	GET Request to /api/categories/
info	2022:06:01 03:14:38	GET Request to /api/categories/
info	2022:06:01 03:14:49	GET Request to /api/categories/
info	2022:06:01 03:14:55	GET Request to /api/categories/
info	2022:06:01 03:14:59	GET Request to /api/categories/
info	2022:06:01 03:15:03	GET Request to /api/categories/
info	2022:06:01 03:15:13	GET Request to /api/categories/
info	2022:06:01 03:15:15	GET Request to /api/categories/
info	2022:06:01 03:15:29	GET Request to /api/categories/
info	2022:06:01 03:15:32	GET Request to /api/categories/
info	2022:06:01 03:15:35	GET Request to /api/categories/
info	2022:06:01 03:15:39	GET Request to /api/categories/
info	2022:06:01 03:15:40	GET Request to /api/categories/
info	2022:06:01 03:15:44	GET Request to /api/categories/
info	2022:06:01 03:15:48	GET Request to /api/categories/
info	2022:06:01 03:15:50	GET Request to /api/categories/
info	2022:06:01 03:15:53	GET Request to /api/categories/
info	2022:06:01 03:15:59	GET Request to /api/categories/
info	2022:06:01 03:16:09	GET Request to /api/categories/
info	2022:06:01 03:16:13	GET Request to /api/categories/
info	2022:06:01 03:16:15	GET Request to /api/categories/
info	2022:06:01 03:16:17	GET Request to /api/categories/
info	2022:06:01 03:16:19	GET Request to /api/categories/
info	2022:06:01 03:27:33	GET Request to /api/categories/
info	2022:06:01 03:27:38	GET Request to /api/categories/
info	2022:06:01 03:27:41	GET Request to /api/categories/
info	2022:06:01 03:27:44	GET Request to /api/categories/
info	2022:06:01 03:27:48	GET Request to /api/categories/
info	2022:06:01 03:27:52	GET Request to /api/categories/
info	2022:06:01 03:27:54	GET Request to /api/categories/
info	2022:06:01 03:42:05	GET Request to /api/categories/
info	2022:06:01 03:42:07	GET Request to /api/products-by-category/629696e3b9a9b32b4210d38a
info	2022:06:01 03:42:09	GET Request to /api/categories/
info	2022:06:01 03:42:34	GET Request to /api/categories/
info	2022:06:01 03:42:47	POST Request to /api/products/
info	2022:06:01 03:42:47	ProductModel validation failed: name: Name must start with a capital letter
info	2022:06:01 03:43:07	POST Request to /api/products/
info	2022:06:01 03:43:08	GET Request to /api/categories/
info	2022:06:01 03:43:28	GET Request to /api/products-by-category/629696e3b9a9b32b4210d38a
info	2022:06:01 03:43:31	GET Request to /api/products-by-category/629696f4b9a9b32b4210d38c
info	2022:06:01 03:43:33	GET Request to /api/products-by-category/62969719b9a9b32b4210d38e
info	2022:06:01 03:43:35	GET Request to /api/products-by-category/629696e3b9a9b32b4210d38a
info	2022:06:01 03:43:38	DELETE Request to /api/products/6296b61bbae5e3ca262f7615
info	2022:06:01 03:43:40	GET Request to /api/products-by-category/629696f4b9a9b32b4210d38c
info	2022:06:01 03:43:42	GET Request to /api/categories/
info	2022:06:01 03:45:09	GET Request to /api/categories/
info	2022:06:01 03:45:10	GET Request to /api/categories/
info	2022:06:01 03:45:11	GET Request to /api/categories/
info	2022:06:01 03:45:12	GET Request to /api/products-by-category/629696e3b9a9b32b4210d38a
info	2022:06:01 05:04:13	GET Request to /api/categories/
info	2022:06:01 05:04:16	GET Request to /api/categories/
info	2022:06:01 05:04:16	GET Request to /api/categories/
info	2022:06:01 05:04:18	GET Request to /api/products-by-category/629696e3b9a9b32b4210d38a
info	2022:06:01 05:04:26	GET Request to /api/categories/
info	2022:06:01 05:05:10	GET Request to /api/categories/
info	2022:06:01 05:05:17	GET Request to /api/categories/
info	2022:06:01 05:05:24	GET Request to /api/categories/
info	2022:06:01 05:05:40	POST Request to /api/products/
info	2022:06:01 05:05:40	GET Request to /api/categories/
info	2022:06:01 05:05:44	GET Request to /api/categories/
info	2022:06:01 05:06:16	POST Request to /api/products/
info	2022:06:01 05:06:16	GET Request to /api/categories/
info	2022:06:01 05:06:18	GET Request to /api/products-by-category/629696e3b9a9b32b4210d38a
info	2022:06:01 08:27:52	GET Request to /api/categories/
info	2022:06:01 08:27:54	GET Request to /api/products-by-category/629696e3b9a9b32b4210d38a
info	2022:06:01 08:28:07	GET Request to /api/categories/
info	2022:06:01 08:28:13	GET Request to /api/categories/
info	2022:06:01 08:28:15	GET Request to /api/products-by-category/629696e3b9a9b32b4210d38a
